[08/May/2017 16:33:55 +0000] system  syslog        INFO     /root/falcon/syntest/config/configmanager.pyc: start innit the config.....
[08/May/2017 16:33:55 +0000] system  syslog        INFO     /root/falcon/syntest/config/configmanager.pyc: end innit  the config .....
[08/May/2017 16:38:51 +0000] system  syslog        INFO     /root/falcon/syntest/config/configmanager.pyc: start innit the config.....
[08/May/2017 16:38:51 +0000] system  syslog        INFO     /root/falcon/syntest/config/configmanager.pyc: end innit  the config .....
[08/May/2017 16:48:40 +0000] system  syslog        INFO     /root/falcon/syntest/config/configmanager.pyc: start innit the config.....
[08/May/2017 16:48:40 +0000] system  syslog        INFO     /root/falcon/syntest/config/configmanager.pyc: end innit  the config .....
[08/May/2017 18:41:09 +0000] system  syslog        INFO     /root/falcon/syntest/config/configmanager.pyc: start innit the config.....
[08/May/2017 18:41:09 +0000] system  syslog        INFO     /root/falcon/syntest/config/configmanager.pyc: end innit  the config .....
[08/May/2017 18:45:38 +0000] system  syslog        INFO     /root/falcon/syntest/config/configmanager.pyc: start innit the config.....
[08/May/2017 18:45:38 +0000] system  syslog        INFO     /root/falcon/syntest/config/configmanager.pyc: end innit  the config .....
[08/May/2017 18:49:23 +0000] system  syslog        INFO     /root/falcon/syntest/config/configmanager.pyc: start innit the config.....
[08/May/2017 18:49:23 +0000] system  syslog        INFO     /root/falcon/syntest/config/configmanager.pyc: end innit  the config .....
[08/May/2017 18:51:29 +0000] system  syslog        INFO     /root/falcon/syntest/config/configmanager.pyc: start innit the config.....
[08/May/2017 18:51:29 +0000] system  syslog        INFO     /root/falcon/syntest/config/configmanager.pyc: end innit  the config .....
[08/May/2017 19:22:29 +0000] system  syslog        INFO     /root/falcon/syntest/config/configmanager.pyc: start innit the config.....
[08/May/2017 19:22:29 +0000] system  syslog        INFO     /root/falcon/syntest/config/configmanager.pyc: end innit  the config .....
[08/May/2017 20:13:05 +0000] system  syslog        INFO     /root/falcon/syntest/config/configmanager.py: start innit the config.....
[08/May/2017 20:13:05 +0000] system  syslog        INFO     /root/falcon/syntest/config/configmanager.py: end innit  the config .....
[08/May/2017 20:15:58 +0000] system  syslog        INFO     /root/falcon/syntest/config/configmanager.pyc: start innit the config.....
[08/May/2017 20:15:58 +0000] system  syslog        INFO     /root/falcon/syntest/config/configmanager.pyc: end innit  the config .....
[08/May/2017 20:48:32 +0000] system  syslog        INFO     /root/falcon/syntest/config/configmanager.pyc: start innit the config.....
[08/May/2017 20:48:32 +0000] system  syslog        INFO     /root/falcon/syntest/config/configmanager.pyc: end innit  the config .....
[08/May/2017 20:52:54 +0000] system  syslog        INFO     /root/falcon/syntest/config/configmanager.pyc: start innit the config.....
[08/May/2017 20:52:54 +0000] system  syslog        INFO     /root/falcon/syntest/config/configmanager.pyc: end innit  the config .....
[08/May/2017 20:54:21 +0000] system  syslog        INFO     /root/falcon/syntest/config/configmanager.pyc: start innit the config.....
[08/May/2017 20:54:21 +0000] system  syslog        INFO     /root/falcon/syntest/config/configmanager.pyc: end innit  the config .....
[08/May/2017 21:00:38 +0000] system  syslog        INFO     /root/falcon/syntest/config/configmanager.pyc: start innit the config.....
[08/May/2017 21:00:38 +0000] system  syslog        INFO     /root/falcon/syntest/config/configmanager.pyc: end innit  the config .....
[08/May/2017 21:03:06 +0000] system  syslog        INFO     /root/falcon/syntest/config/configmanager.pyc: start innit the config.....
[08/May/2017 21:03:06 +0000] system  syslog        INFO     /root/falcon/syntest/config/configmanager.pyc: end innit  the config .....
[08/May/2017 21:04:26 +0000] system  syslog        INFO     /root/falcon/syntest/config/configmanager.pyc: start innit the config.....
[08/May/2017 21:04:26 +0000] system  syslog        INFO     /root/falcon/syntest/config/configmanager.pyc: end innit  the config .....
[08/May/2017 21:06:45 +0000] system  syslog        INFO     /root/falcon/syntest/config/configmanager.pyc: start innit the config.....
[08/May/2017 21:06:45 +0000] system  syslog        INFO     /root/falcon/syntest/config/configmanager.pyc: end innit  the config .....
[08/May/2017 21:07:57 +0000] system  syslog        INFO     /root/falcon/syntest/config/configmanager.pyc: start innit the config.....
[08/May/2017 21:07:57 +0000] system  syslog        INFO     /root/falcon/syntest/config/configmanager.pyc: end innit  the config .....
[08/May/2017 21:09:32 +0000] system  syslog        INFO     /root/falcon/syntest/config/configmanager.pyc: start innit the config.....
[08/May/2017 21:09:32 +0000] system  syslog        INFO     /root/falcon/syntest/config/configmanager.pyc: end innit  the config .....
[08/May/2017 21:13:32 +0000] system  syslog        INFO     /root/falcon/syntest/config/configmanager.pyc: start innit the config.....
[08/May/2017 21:13:32 +0000] system  syslog        INFO     /root/falcon/syntest/config/configmanager.pyc: end innit  the config .....
[08/May/2017 21:21:12 +0000] system  syslog        INFO     /root/falcon/syntest/config/configmanager.pyc: start innit the config.....
[08/May/2017 21:21:12 +0000] system  syslog        INFO     /root/falcon/syntest/config/configmanager.pyc: end innit  the config .....
[08/May/2017 21:22:52 +0000] system  syslog        INFO     /root/falcon/syntest/config/configmanager.pyc: start innit the config.....
[08/May/2017 21:22:52 +0000] system  syslog        INFO     /root/falcon/syntest/config/configmanager.pyc: end innit  the config .....
[08/May/2017 21:23:53 +0000] system  syslog        INFO     /root/falcon/syntest/config/configmanager.pyc: start innit the config.....
[08/May/2017 21:23:53 +0000] system  syslog        INFO     /root/falcon/syntest/config/configmanager.pyc: end innit  the config .....
[08/May/2017 21:25:54 +0000] system  syslog        INFO     /root/falcon/syntest/config/configmanager.pyc: start innit the config.....
[08/May/2017 21:25:54 +0000] system  syslog        INFO     /root/falcon/syntest/config/configmanager.pyc: end innit  the config .....
[09/May/2017 11:22:41 +0000] system  syslog        INFO     /root/falcon/syntest_v2/src/until/configmanager.py: start innit the config.....
[09/May/2017 11:22:41 +0000] system  syslog        INFO     /root/falcon/syntest_v2/src/until/configmanager.py: end innit  the config .....
[09/May/2017 16:53:18 +0000] system  syslog        INFO     /root/falcon/syntest_v2/src/util/configmanager.pyc: start innit the config.....
[09/May/2017 16:53:18 +0000] system  syslog        INFO     /root/falcon/syntest_v2/src/util/configmanager.pyc: end innit  the config .....
[09/May/2017 17:35:37 +0000] system  syslog        INFO     /root/falcon/syntest_v2/src/util/configmanager.pyc: start innit the config.....
[09/May/2017 17:35:37 +0000] system  syslog        INFO     /root/falcon/syntest_v2/src/util/configmanager.pyc: end innit  the config .....
[09/May/2017 17:36:55 +0000] system  syslog        INFO     /root/falcon/syntest_v2/src/util/configmanager.pyc: start innit the config.....
[09/May/2017 17:36:55 +0000] system  syslog        INFO     /root/falcon/syntest_v2/src/util/configmanager.pyc: end innit  the config .....
[09/May/2017 18:11:07 +0000] system  syslog        INFO     /root/falcon/syntest_v2/src/util/configmanager.pyc: start innit the config.....
[09/May/2017 18:11:07 +0000] system  syslog        INFO     /root/falcon/syntest_v2/src/util/configmanager.pyc: end innit  the config .....
